./tei-edition/MG-1673-05.xml:56: parser error : Opening and ending tag mismatch: date line 56 and title
73 [achevé d'imprimer le 7 décembre 1673, daté M. DC. LXXIV au titre]</title>
                                                                               ^
./tei-edition/MG-1673-05.xml:56: parser error : Opening and ending tag mismatch: title line 56 and bibl
daté M. DC. LXXIV au titre]</title>, <publisher>Henry Loison</publisher>.</bibl
                                                                               ^
./tei-edition/MG-1673-05.xml:57: parser error : Opening and ending tag mismatch: bibl line 55 and sourceDesc
      </sourceDesc>
                   ^
./tei-edition/MG-1673-05.xml:58: parser error : Opening and ending tag mismatch: sourceDesc line 54 and fileDesc
    </fileDesc>
               ^
./tei-edition/MG-1673-05.xml:67: parser error : Opening and ending tag mismatch: fileDesc line 5 and teiHeader
  </teiHeader>
              ^
./tei-edition/MG-1673-05.xml:905: parser error : Opening and ending tag mismatch: teiHeader line 4 and TEI
</TEI>
      ^
./tei-edition/MG-1673-05.xml:906: parser error : Premature end of data in tag TEI line 3

^
